{"total": {"lines":{"total":1478,"covered":1406,"skipped":0,"pct":95.12},"statements":{"total":1478,"covered":1406,"skipped":0,"pct":95.12},"functions":{"total":81,"covered":51,"skipped":0,"pct":62.96},"branches":{"total":316,"covered":283,"skipped":0,"pct":89.55},"branchesTrue":{"total":0,"covered":0,"skipped":0,"pct":100}}
,"C:\\Users\\rgiri\\Downloads\\UP_File_Upload\\edu-resource-portal\\client\\src\\components\\common\\Badge.test.tsx": {"lines":{"total":32,"covered":32,"skipped":0,"pct":100},"functions":{"total":0,"covered":0,"skipped":0,"pct":100},"statements":{"total":32,"covered":32,"skipped":0,"pct":100},"branches":{"total":8,"covered":8,"skipped":0,"pct":100}}
,"C:\\Users\\rgiri\\Downloads\\UP_File_Upload\\edu-resource-portal\\client\\src\\components\\common\\Badge.tsx": {"lines":{"total":36,"covered":36,"skipped":0,"pct":100},"functions":{"total":2,"covered":2,"skipped":0,"pct":100},"statements":{"total":36,"covered":36,"skipped":0,"pct":100},"branches":{"total":4,"covered":4,"skipped":0,"pct":100}}
,"C:\\Users\\rgiri\\Downloads\\UP_File_Upload\\edu-resource-portal\\client\\src\\components\\common\\Button.test.tsx": {"lines":{"total":39,"covered":39,"skipped":0,"pct":100},"functions":{"total":0,"covered":0,"skipped":0,"pct":100},"statements":{"total":39,"covered":39,"skipped":0,"pct":100},"branches":{"total":8,"covered":8,"skipped":0,"pct":100}}
,"C:\\Users\\rgiri\\Downloads\\UP_File_Upload\\edu-resource-portal\\client\\src\\components\\common\\Button.tsx": {"lines":{"total":46,"covered":46,"skipped":0,"pct":100},"functions":{"total":1,"covered":1,"skipped":0,"pct":100},"statements":{"total":46,"covered":46,"skipped":0,"pct":100},"branches":{"total":5,"covered":5,"skipped":0,"pct":100}}
,"C:\\Users\\rgiri\\Downloads\\UP_File_Upload\\edu-resource-portal\\client\\src\\components\\common\\ConfirmDialog.test.tsx": {"lines":{"total":76,"covered":76,"skipped":0,"pct":100},"functions":{"total":8,"covered":0,"skipped":0,"pct":0},"statements":{"total":76,"covered":76,"skipped":0,"pct":100},"branches":{"total":6,"covered":6,"skipped":0,"pct":100}}
,"C:\\Users\\rgiri\\Downloads\\UP_File_Upload\\edu-resource-portal\\client\\src\\components\\common\\ConfirmDialog.tsx": {"lines":{"total":16,"covered":16,"skipped":0,"pct":100},"functions":{"total":1,"covered":1,"skipped":0,"pct":100},"statements":{"total":16,"covered":16,"skipped":0,"pct":100},"branches":{"total":1,"covered":1,"skipped":0,"pct":100}}
,"C:\\Users\\rgiri\\Downloads\\UP_File_Upload\\edu-resource-portal\\client\\src\\components\\common\\Input.test.tsx": {"lines":{"total":39,"covered":39,"skipped":0,"pct":100},"functions":{"total":0,"covered":0,"skipped":0,"pct":100},"statements":{"total":39,"covered":39,"skipped":0,"pct":100},"branches":{"total":8,"covered":8,"skipped":0,"pct":100}}
,"C:\\Users\\rgiri\\Downloads\\UP_File_Upload\\edu-resource-portal\\client\\src\\components\\common\\Input.tsx": {"lines":{"total":38,"covered":36,"skipped":0,"pct":94.73},"functions":{"total":1,"covered":1,"skipped":0,"pct":100},"statements":{"total":38,"covered":36,"skipped":0,"pct":94.73},"branches":{"total":12,"covered":8,"skipped":0,"pct":66.66}}
,"C:\\Users\\rgiri\\Downloads\\UP_File_Upload\\edu-resource-portal\\client\\src\\components\\common\\Modal.test.tsx": {"lines":{"total":53,"covered":53,"skipped":0,"pct":100},"functions":{"total":3,"covered":0,"skipped":0,"pct":0},"statements":{"total":53,"covered":53,"skipped":0,"pct":100},"branches":{"total":6,"covered":6,"skipped":0,"pct":100}}
,"C:\\Users\\rgiri\\Downloads\\UP_File_Upload\\edu-resource-portal\\client\\src\\components\\common\\Modal.tsx": {"lines":{"total":53,"covered":53,"skipped":0,"pct":100},"functions":{"total":2,"covered":1,"skipped":0,"pct":50},"statements":{"total":53,"covered":53,"skipped":0,"pct":100},"branches":{"total":13,"covered":13,"skipped":0,"pct":100}}
,"C:\\Users\\rgiri\\Downloads\\UP_File_Upload\\edu-resource-portal\\client\\src\\components\\common\\ProgressBar.test.tsx": {"lines":{"total":28,"covered":28,"skipped":0,"pct":100},"functions":{"total":0,"covered":0,"skipped":0,"pct":100},"statements":{"total":28,"covered":28,"skipped":0,"pct":100},"branches":{"total":6,"covered":6,"skipped":0,"pct":100}}
,"C:\\Users\\rgiri\\Downloads\\UP_File_Upload\\edu-resource-portal\\client\\src\\components\\common\\ProgressBar.tsx": {"lines":{"total":24,"covered":24,"skipped":0,"pct":100},"functions":{"total":1,"covered":1,"skipped":0,"pct":100},"statements":{"total":24,"covered":24,"skipped":0,"pct":100},"branches":{"total":7,"covered":7,"skipped":0,"pct":100}}
,"C:\\Users\\rgiri\\Downloads\\UP_File_Upload\\edu-resource-portal\\client\\src\\components\\common\\RadioGroup.test.tsx": {"lines":{"total":29,"covered":29,"skipped":0,"pct":100},"functions":{"total":3,"covered":0,"skipped":0,"pct":0},"statements":{"total":29,"covered":29,"skipped":0,"pct":100},"branches":{"total":5,"covered":5,"skipped":0,"pct":100}}
,"C:\\Users\\rgiri\\Downloads\\UP_File_Upload\\edu-resource-portal\\client\\src\\components\\common\\RadioGroup.tsx": {"lines":{"total":36,"covered":36,"skipped":0,"pct":100},"functions":{"total":2,"covered":2,"skipped":0,"pct":100},"statements":{"total":36,"covered":36,"skipped":0,"pct":100},"branches":{"total":10,"covered":10,"skipped":0,"pct":100}}
,"C:\\Users\\rgiri\\Downloads\\UP_File_Upload\\edu-resource-portal\\client\\src\\components\\common\\Select.test.tsx": {"lines":{"total":33,"covered":33,"skipped":0,"pct":100},"functions":{"total":4,"covered":0,"skipped":0,"pct":0},"statements":{"total":33,"covered":33,"skipped":0,"pct":100},"branches":{"total":6,"covered":6,"skipped":0,"pct":100}}
,"C:\\Users\\rgiri\\Downloads\\UP_File_Upload\\edu-resource-portal\\client\\src\\components\\common\\Select.tsx": {"lines":{"total":41,"covered":41,"skipped":0,"pct":100},"functions":{"total":1,"covered":1,"skipped":0,"pct":100},"statements":{"total":41,"covered":41,"skipped":0,"pct":100},"branches":{"total":10,"covered":7,"skipped":0,"pct":70}}
,"C:\\Users\\rgiri\\Downloads\\UP_File_Upload\\edu-resource-portal\\client\\src\\components\\common\\StatCard.test.tsx": {"lines":{"total":45,"covered":45,"skipped":0,"pct":100},"functions":{"total":1,"covered":1,"skipped":0,"pct":100},"statements":{"total":45,"covered":45,"skipped":0,"pct":100},"branches":{"total":6,"covered":6,"skipped":0,"pct":100}}
,"C:\\Users\\rgiri\\Downloads\\UP_File_Upload\\edu-resource-portal\\client\\src\\components\\common\\StatCard.tsx": {"lines":{"total":23,"covered":23,"skipped":0,"pct":100},"functions":{"total":1,"covered":1,"skipped":0,"pct":100},"statements":{"total":23,"covered":23,"skipped":0,"pct":100},"branches":{"total":4,"covered":4,"skipped":0,"pct":100}}
,"C:\\Users\\rgiri\\Downloads\\UP_File_Upload\\edu-resource-portal\\client\\src\\pages\\CoverageDashboardPage.test.tsx": {"lines":{"total":89,"covered":89,"skipped":0,"pct":100},"functions":{"total":9,"covered":9,"skipped":0,"pct":100},"statements":{"total":89,"covered":89,"skipped":0,"pct":100},"branches":{"total":27,"covered":27,"skipped":0,"pct":100}}
,"C:\\Users\\rgiri\\Downloads\\UP_File_Upload\\edu-resource-portal\\client\\src\\pages\\CoverageDashboardPage.tsx": {"lines":{"total":233,"covered":219,"skipped":0,"pct":93.99},"functions":{"total":9,"covered":7,"skipped":0,"pct":77.77},"statements":{"total":233,"covered":219,"skipped":0,"pct":93.99},"branches":{"total":62,"covered":36,"skipped":0,"pct":58.06}}
,"C:\\Users\\rgiri\\Downloads\\UP_File_Upload\\edu-resource-portal\\client\\src\\services\\authService.test.ts": {"lines":{"total":33,"covered":33,"skipped":0,"pct":100},"functions":{"total":0,"covered":0,"skipped":0,"pct":100},"statements":{"total":33,"covered":33,"skipped":0,"pct":100},"branches":{"total":6,"covered":6,"skipped":0,"pct":100}}
,"C:\\Users\\rgiri\\Downloads\\UP_File_Upload\\edu-resource-portal\\client\\src\\services\\authService.ts": {"lines":{"total":15,"covered":15,"skipped":0,"pct":100},"functions":{"total":4,"covered":4,"skipped":0,"pct":100},"statements":{"total":15,"covered":15,"skipped":0,"pct":100},"branches":{"total":4,"covered":4,"skipped":0,"pct":100}}
,"C:\\Users\\rgiri\\Downloads\\UP_File_Upload\\edu-resource-portal\\client\\src\\services\\schoolService.test.ts": {"lines":{"total":26,"covered":26,"skipped":0,"pct":100},"functions":{"total":0,"covered":0,"skipped":0,"pct":100},"statements":{"total":26,"covered":26,"skipped":0,"pct":100},"branches":{"total":6,"covered":6,"skipped":0,"pct":100}}
,"C:\\Users\\rgiri\\Downloads\\UP_File_Upload\\edu-resource-portal\\client\\src\\services\\schoolService.ts": {"lines":{"total":36,"covered":16,"skipped":0,"pct":44.44},"functions":{"total":8,"covered":4,"skipped":0,"pct":50},"statements":{"total":36,"covered":16,"skipped":0,"pct":44.44},"branches":{"total":4,"covered":4,"skipped":0,"pct":100}}
,"C:\\Users\\rgiri\\Downloads\\UP_File_Upload\\edu-resource-portal\\client\\src\\services\\uploadService.test.ts": {"lines":{"total":26,"covered":26,"skipped":0,"pct":100},"functions":{"total":0,"covered":0,"skipped":0,"pct":100},"statements":{"total":26,"covered":26,"skipped":0,"pct":100},"branches":{"total":6,"covered":6,"skipped":0,"pct":100}}
,"C:\\Users\\rgiri\\Downloads\\UP_File_Upload\\edu-resource-portal\\client\\src\\services\\uploadService.ts": {"lines":{"total":52,"covered":16,"skipped":0,"pct":30.76},"functions":{"total":9,"covered":4,"skipped":0,"pct":44.44},"statements":{"total":52,"covered":16,"skipped":0,"pct":30.76},"branches":{"total":4,"covered":4,"skipped":0,"pct":100}}
,"C:\\Users\\rgiri\\Downloads\\UP_File_Upload\\edu-resource-portal\\client\\src\\store\\authStore.test.ts": {"lines":{"total":31,"covered":31,"skipped":0,"pct":100},"functions":{"total":0,"covered":0,"skipped":0,"pct":100},"statements":{"total":31,"covered":31,"skipped":0,"pct":100},"branches":{"total":8,"covered":8,"skipped":0,"pct":100}}
,"C:\\Users\\rgiri\\Downloads\\UP_File_Upload\\edu-resource-portal\\client\\src\\store\\authStore.ts": {"lines":{"total":15,"covered":15,"skipped":0,"pct":100},"functions":{"total":4,"covered":4,"skipped":0,"pct":100},"statements":{"total":15,"covered":15,"skipped":0,"pct":100},"branches":{"total":5,"covered":5,"skipped":0,"pct":100}}
,"C:\\Users\\rgiri\\Downloads\\UP_File_Upload\\edu-resource-portal\\client\\src\\utils\\constants.test.ts": {"lines":{"total":37,"covered":37,"skipped":0,"pct":100},"functions":{"total":0,"covered":0,"skipped":0,"pct":100},"statements":{"total":37,"covered":37,"skipped":0,"pct":100},"branches":{"total":13,"covered":13,"skipped":0,"pct":100}}
,"C:\\Users\\rgiri\\Downloads\\UP_File_Upload\\edu-resource-portal\\client\\src\\utils\\constants.ts": {"lines":{"total":54,"covered":54,"skipped":0,"pct":100},"functions":{"total":0,"covered":0,"skipped":0,"pct":100},"statements":{"total":54,"covered":54,"skipped":0,"pct":100},"branches":{"total":0,"covered":0,"skipped":0,"pct":100}}
,"C:\\Users\\rgiri\\Downloads\\UP_File_Upload\\edu-resource-portal\\client\\src\\utils\\formatters.test.ts": {"lines":{"total":105,"covered":105,"skipped":0,"pct":100},"functions":{"total":0,"covered":0,"skipped":0,"pct":100},"statements":{"total":105,"covered":105,"skipped":0,"pct":100},"branches":{"total":29,"covered":29,"skipped":0,"pct":100}}
,"C:\\Users\\rgiri\\Downloads\\UP_File_Upload\\edu-resource-portal\\client\\src\\utils\\formatters.ts": {"lines":{"total":39,"covered":39,"skipped":0,"pct":100},"functions":{"total":7,"covered":7,"skipped":0,"pct":100},"statements":{"total":39,"covered":39,"skipped":0,"pct":100},"branches":{"total":17,"covered":17,"skipped":0,"pct":100}}
}
