TN:
SF:src\components\common\Badge.test.tsx
FNF:0
FNH:0
DA:1,1
DA:2,1
DA:3,1
DA:5,1
DA:6,1
DA:7,1
DA:8,1
DA:9,1
DA:11,1
DA:12,1
DA:13,1
DA:14,1
DA:15,1
DA:17,1
DA:18,1
DA:19,1
DA:20,1
DA:21,1
DA:23,1
DA:24,1
DA:25,1
DA:26,1
DA:27,1
DA:29,1
DA:30,1
DA:31,1
DA:32,1
DA:34,1
DA:35,1
DA:36,1
DA:37,1
DA:38,1
LF:32
LH:32
BRDA:5,0,0,1
BRDA:6,1,0,1
BRDA:11,2,0,1
BRDA:17,3,0,1
BRDA:23,4,0,1
BRDA:24,5,0,1
BRDA:29,6,0,1
BRDA:34,7,0,1
BRF:8
BRH:8
end_of_record
TN:
SF:src\components\common\Badge.tsx
FN:31,Badge
FN:43,statusBadge
FNF:2
FNH:2
FNDA:6,Badge
FNDA:3,statusBadge
DA:1,1
DA:13,1
DA:14,1
DA:15,1
DA:16,1
DA:17,1
DA:18,1
DA:19,1
DA:20,1
DA:22,1
DA:23,1
DA:24,1
DA:25,1
DA:26,1
DA:27,1
DA:28,1
DA:29,1
DA:31,1
DA:32,6
DA:33,6
DA:34,6
DA:35,6
DA:36,6
DA:37,6
DA:38,6
DA:39,6
DA:41,6
DA:43,1
DA:44,3
DA:45,3
DA:46,3
DA:47,3
DA:48,3
DA:49,3
DA:50,3
DA:51,3
LF:36
LH:36
BRDA:31,0,0,6
BRDA:37,1,0,4
BRDA:43,2,0,3
BRDA:50,3,0,1
BRF:4
BRH:4
end_of_record
TN:
SF:src\components\common\Button.test.tsx
FNF:0
FNH:0
DA:1,1
DA:2,1
DA:3,1
DA:4,1
DA:6,1
DA:7,1
DA:8,1
DA:9,1
DA:10,1
DA:12,1
DA:13,1
DA:14,1
DA:15,1
DA:16,1
DA:17,1
DA:19,1
DA:20,1
DA:21,1
DA:22,1
DA:24,1
DA:25,1
DA:26,1
DA:27,1
DA:29,1
DA:30,1
DA:31,1
DA:32,1
DA:33,1
DA:35,1
DA:36,1
DA:37,1
DA:39,1
DA:40,1
DA:41,1
DA:43,1
DA:44,1
DA:45,1
DA:46,1
DA:47,1
LF:39
LH:39
BRDA:6,0,0,1
BRDA:7,1,0,1
BRDA:12,2,0,1
BRDA:19,3,0,1
BRDA:24,4,0,1
BRDA:29,5,0,1
BRDA:35,6,0,1
BRDA:43,7,0,1
BRF:8
BRH:8
end_of_record
TN:
SF:src\components\common\Button.tsx
FN:30,Button
FNF:1
FNH:1
FNDA:34,Button
DA:1,1
DA:15,1
DA:16,1
DA:17,1
DA:18,1
DA:19,1
DA:20,1
DA:21,1
DA:23,1
DA:24,1
DA:25,1
DA:26,1
DA:27,1
DA:28,1
DA:30,1
DA:31,34
DA:32,34
DA:33,34
DA:34,34
DA:35,34
DA:36,34
DA:37,34
DA:38,34
DA:39,34
DA:40,34
DA:41,34
DA:42,34
DA:43,34
DA:44,34
DA:45,34
DA:46,34
DA:47,34
DA:48,34
DA:49,34
DA:50,34
DA:51,34
DA:53,34
DA:54,3
DA:55,3
DA:56,3
DA:57,3
DA:58,31
DA:59,34
DA:60,34
DA:61,34
DA:63,34
LF:46
LH:46
BRDA:30,0,0,34
BRDA:44,1,0,32
BRDA:53,2,0,3
BRDA:57,3,0,31
BRDA:60,4,0,31
BRF:5
BRH:5
end_of_record
TN:
SF:src\components\common\ConfirmDialog.test.tsx
FN:11,onClose
FN:12,onConfirm
FN:28,onClose
FN:44,onConfirm
FN:57,onClose
FN:58,onConfirm
FN:71,onClose
FN:72,onConfirm
FNF:8
FNH:0
FNDA:0,onClose
FNDA:0,onConfirm
FNDA:0,onClose
FNDA:0,onConfirm
FNDA:0,onClose
FNDA:0,onConfirm
FNDA:0,onClose
FNDA:0,onConfirm
DA:1,1
DA:2,1
DA:3,1
DA:4,1
DA:6,1
DA:7,1
DA:8,1
DA:9,1
DA:10,1
DA:11,1
DA:12,1
DA:13,1
DA:14,1
DA:15,1
DA:16,1
DA:17,1
DA:18,1
DA:19,1
DA:20,1
DA:21,1
DA:23,1
DA:24,1
DA:25,1
DA:26,1
DA:27,1
DA:28,1
DA:29,1
DA:30,1
DA:31,1
DA:32,1
DA:33,1
DA:34,1
DA:35,1
DA:36,1
DA:38,1
DA:39,1
DA:40,1
DA:41,1
DA:42,1
DA:43,1
DA:44,1
DA:45,1
DA:46,1
DA:47,1
DA:48,1
DA:49,1
DA:50,1
DA:51,1
DA:53,1
DA:54,1
DA:55,1
DA:56,1
DA:57,1
DA:58,1
DA:59,1
DA:60,1
DA:61,1
DA:62,1
DA:63,1
DA:64,1
DA:65,1
DA:67,1
DA:68,1
DA:69,1
DA:70,1
DA:71,1
DA:72,1
DA:73,1
DA:74,1
DA:75,1
DA:76,1
DA:77,1
DA:78,1
DA:79,1
DA:80,1
DA:81,1
LF:76
LH:76
BRDA:6,0,0,1
BRDA:7,1,0,1
BRDA:23,2,0,1
BRDA:38,3,0,1
BRDA:53,4,0,1
BRDA:67,5,0,1
BRF:6
BRH:6
end_of_record
TN:
SF:src\components\common\ConfirmDialog.tsx
FN:16,ConfirmDialog
FNF:1
FNH:1
FNDA:5,ConfirmDialog
DA:1,1
DA:16,1
DA:17,5
DA:18,5
DA:19,5
DA:20,5
DA:21,5
DA:22,5
DA:23,5
DA:24,5
DA:25,5
DA:26,5
DA:27,5
DA:28,5
DA:29,5
DA:31,5
LF:16
LH:16
BRDA:16,0,0,5
BRF:1
BRH:1
end_of_record
TN:
SF:src\components\common\Input.test.tsx
FNF:0
FNH:0
DA:1,1
DA:2,1
DA:3,1
DA:4,1
DA:6,1
DA:7,1
DA:8,1
DA:9,1
DA:10,1
DA:11,1
DA:13,1
DA:14,1
DA:15,1
DA:16,1
DA:18,1
DA:19,1
DA:20,1
DA:21,1
DA:23,1
DA:24,1
DA:25,1
DA:26,1
DA:28,1
DA:29,1
DA:30,1
DA:31,1
DA:32,1
DA:34,1
DA:35,1
DA:36,1
DA:37,1
DA:38,1
DA:39,1
DA:41,1
DA:42,1
DA:43,1
DA:44,1
DA:45,1
DA:46,1
LF:39
LH:39
BRDA:6,0,0,1
BRDA:7,1,0,1
BRDA:13,2,0,1
BRDA:18,3,0,1
BRDA:23,4,0,1
BRDA:28,5,0,1
BRDA:34,6,0,1
BRDA:41,7,0,1
BRF:8
BRH:8
end_of_record
TN:
SF:src\components\common\Input.tsx
FN:12,Input2
FNF:1
FNH:1
FNDA:7,Input2
DA:1,1
DA:12,1
DA:13,7
DA:14,7
DA:15,7
DA:16,7
DA:17,7
DA:18,7
DA:19,5
DA:20,5
DA:21,5
DA:22,5
DA:24,7
DA:25,7
DA:26,0
DA:28,7
DA:29,7
DA:30,7
DA:31,7
DA:32,7
DA:33,7
DA:34,7
DA:35,7
DA:36,7
DA:37,7
DA:38,7
DA:39,2
DA:40,5
DA:41,7
DA:42,7
DA:43,7
DA:44,7
DA:45,0
DA:47,7
DA:48,7
DA:49,7
DA:50,7
DA:52,7
LF:38
LH:36
BRDA:12,0,0,7
BRDA:18,1,0,5
BRDA:21,2,0,1
BRDA:25,3,0,0
BRDA:35,4,0,0
BRDA:36,5,0,0
BRDA:38,6,0,2
BRDA:39,7,0,5
BRDA:44,8,0,0
BRDA:48,9,0,2
BRDA:49,10,0,2
BRDA:49,11,0,1
BRF:12
BRH:8
end_of_record
TN:
SF:src\components\common\Modal.test.tsx
FN:9,onClose
FN:18,onClose
FN:52,onClose
FNF:3
FNH:0
FNDA:0,onClose
FNDA:0,onClose
FNDA:0,onClose
DA:1,1
DA:2,1
DA:3,1
DA:4,1
DA:6,1
DA:7,1
DA:8,1
DA:9,1
DA:10,1
DA:11,1
DA:12,1
DA:13,1
DA:14,1
DA:16,1
DA:17,1
DA:18,1
DA:19,1
DA:20,1
DA:21,1
DA:22,1
DA:23,1
DA:24,1
DA:26,1
DA:27,1
DA:28,1
DA:29,1
DA:30,1
DA:31,1
DA:32,1
DA:33,1
DA:34,1
DA:35,1
DA:36,1
DA:38,1
DA:39,1
DA:40,1
DA:41,1
DA:42,1
DA:43,1
DA:44,1
DA:45,1
DA:46,1
DA:47,1
DA:48,1
DA:50,1
DA:51,1
DA:52,1
DA:53,1
DA:54,1
DA:55,1
DA:56,1
DA:57,1
DA:58,1
LF:53
LH:53
BRDA:6,0,0,1
BRDA:7,1,0,1
BRDA:16,2,0,1
BRDA:26,3,0,1
BRDA:38,4,0,1
BRDA:50,5,0,1
BRF:6
BRH:6
end_of_record
TN:
SF:src\components\common\Modal.tsx
FN:22,Modal
FN:33,handler
FNF:2
FNH:1
FNDA:10,Modal
FNDA:0,handler
DA:1,1
DA:13,1
DA:14,1
DA:15,1
DA:16,1
DA:17,1
DA:18,1
DA:19,1
DA:20,1
DA:22,1
DA:23,10
DA:24,10
DA:25,9
DA:26,10
DA:27,1
DA:28,1
DA:29,10
DA:30,10
DA:32,10
DA:33,10
DA:34,10
DA:35,10
DA:36,10
DA:38,10
DA:40,9
DA:41,9
DA:43,9
DA:44,9
DA:45,9
DA:46,9
DA:47,9
DA:49,9
DA:50,9
DA:51,9
DA:52,9
DA:53,9
DA:54,9
DA:57,10
DA:58,8
DA:59,8
DA:60,8
DA:61,8
DA:62,8
DA:63,8
DA:65,8
DA:66,8
DA:67,8
DA:68,8
DA:70,8
DA:73,10
DA:74,10
DA:75,10
DA:77,10
LF:53
LH:53
BRDA:22,0,0,10
BRDA:38,1,0,1
BRDA:38,2,0,9
BRDA:57,3,0,2
BRDA:57,4,0,8
BRDA:59,5,0,7
BRDA:23,6,0,10
BRDA:24,7,0,9
BRDA:26,8,0,1
BRDA:29,9,0,10
BRDA:32,10,0,10
BRDA:34,11,0,9
BRDA:35,12,0,10
BRF:13
BRH:13
end_of_record
TN:
SF:src\components\common\ProgressBar.test.tsx
FNF:0
FNH:0
DA:1,1
DA:2,1
DA:3,1
DA:5,1
DA:6,1
DA:7,1
DA:8,1
DA:9,1
DA:10,1
DA:12,1
DA:13,1
DA:14,1
DA:16,1
DA:17,1
DA:18,1
DA:20,1
DA:21,1
DA:22,1
DA:23,1
DA:25,1
DA:26,1
DA:27,1
DA:28,1
DA:30,1
DA:31,1
DA:32,1
DA:33,1
DA:34,1
LF:28
LH:28
BRDA:5,0,0,1
BRDA:6,1,0,1
BRDA:12,2,0,1
BRDA:20,3,0,1
BRDA:25,4,0,1
BRDA:30,5,0,1
BRF:6
BRH:6
end_of_record
TN:
SF:src\components\common\ProgressBar.tsx
FN:19,ProgressBar
FNF:1
FNH:1
FNDA:14,ProgressBar
DA:1,1
DA:12,1
DA:13,1
DA:14,1
DA:15,1
DA:16,1
DA:17,1
DA:19,1
DA:20,14
DA:21,14
DA:22,14
DA:23,14
DA:24,2
DA:25,2
DA:26,2
DA:27,2
DA:29,14
DA:30,14
DA:31,14
DA:32,14
DA:33,14
DA:34,14
DA:35,14
DA:37,14
LF:24
LH:24
BRDA:19,0,0,14
BRDA:23,1,0,13
BRDA:23,2,0,2
BRDA:25,3,0,1
BRDA:26,4,0,1
BRDA:29,5,0,8
BRDA:29,6,0,6
BRF:7
BRH:7
end_of_record
TN:
SF:src\components\common\RadioGroup.test.tsx
FN:13,onChange
FN:26,onChange
FN:31,onChange
FNF:3
FNH:0
FNDA:0,onChange
FNDA:0,onChange
FNDA:0,onChange
DA:1,1
DA:2,1
DA:3,1
DA:4,1
DA:6,1
DA:7,1
DA:8,1
DA:9,1
DA:11,1
DA:12,1
DA:13,1
DA:14,1
DA:15,1
DA:16,1
DA:18,1
DA:19,1
DA:20,1
DA:21,1
DA:22,1
DA:23,1
DA:25,1
DA:26,1
DA:27,1
DA:28,1
DA:30,1
DA:31,1
DA:32,1
DA:33,1
DA:34,1
LF:29
LH:29
BRDA:11,0,0,1
BRDA:12,1,0,1
BRDA:18,2,0,1
BRDA:25,3,0,1
BRDA:30,4,0,1
BRF:5
BRH:5
end_of_record
TN:
SF:src\components\common\RadioGroup.tsx
FN:16,RadioGroup
FN:36,onChange
FNF:2
FNH:2
FNDA:4,RadioGroup
FNDA:1,onChange
DA:1,1
DA:16,1
DA:17,4
DA:18,4
DA:19,4
DA:20,4
DA:21,4
DA:22,8
DA:23,8
DA:24,8
DA:25,8
DA:26,8
DA:27,2
DA:28,6
DA:29,8
DA:31,8
DA:32,8
DA:33,8
DA:34,8
DA:35,8
DA:36,8
DA:37,8
DA:38,8
DA:39,8
DA:40,8
DA:41,8
DA:42,8
DA:43,8
DA:44,8
DA:45,8
DA:46,8
DA:47,4
DA:48,4
DA:49,4
DA:50,4
DA:52,4
LF:36
LH:36
BRDA:16,0,0,4
BRDA:19,1,0,1
BRDA:49,2,0,1
BRDA:21,3,0,8
BRDA:26,4,0,2
BRDA:27,5,0,6
BRDA:41,6,0,2
BRDA:41,7,0,6
BRDA:43,8,0,2
BRDA:36,9,0,1
BRF:10
BRH:10
end_of_record
TN:
SF:src\components\common\Select.test.tsx
FN:13,onChange
FN:19,onChange
FN:24,onChange
FN:36,onChange
FNF:4
FNH:0
FNDA:0,onChange
FNDA:0,onChange
FNDA:0,onChange
FNDA:0,onChange
DA:1,1
DA:2,1
DA:3,1
DA:4,1
DA:6,1
DA:7,1
DA:8,1
DA:9,1
DA:11,1
DA:12,1
DA:13,1
DA:14,1
DA:15,1
DA:16,1
DA:18,1
DA:19,1
DA:20,1
DA:21,1
DA:23,1
DA:24,1
DA:25,1
DA:26,1
DA:28,1
DA:29,1
DA:30,1
DA:31,1
DA:32,1
DA:33,1
DA:35,1
DA:36,1
DA:37,1
DA:38,1
DA:39,1
LF:33
LH:33
BRDA:11,0,0,1
BRDA:12,1,0,1
BRDA:18,2,0,1
BRDA:23,3,0,1
BRDA:28,4,0,1
BRDA:35,5,0,1
BRF:6
BRH:6
end_of_record
TN:
SF:src\components\common\Select.tsx
FN:14,Select2
FNF:1
FNH:1
FNDA:5,Select2
DA:1,1
DA:14,1
DA:15,5
DA:16,5
DA:17,5
DA:18,5
DA:19,5
DA:20,5
DA:21,1
DA:22,1
DA:23,1
DA:24,1
DA:26,5
DA:27,5
DA:28,5
DA:29,5
DA:30,5
DA:31,5
DA:32,5
DA:33,5
DA:34,5
DA:35,5
DA:36,1
DA:37,4
DA:38,5
DA:39,5
DA:41,5
DA:42,5
DA:43,10
DA:44,5
DA:45,5
DA:46,5
DA:47,5
DA:48,5
DA:49,5
DA:50,5
DA:51,5
DA:52,5
DA:53,5
DA:54,5
DA:56,5
LF:41
LH:41
BRDA:14,0,0,5
BRDA:20,1,0,1
BRDA:23,2,0,0
BRDA:35,3,0,1
BRDA:36,4,0,4
BRDA:41,5,0,1
BRDA:52,6,0,1
BRDA:53,7,0,0
BRDA:53,8,0,0
BRDA:42,9,0,10
BRF:10
BRH:7
end_of_record
TN:
SF:src\components\common\StatCard.test.tsx
FN:5,MockIcon
FNF:1
FNH:1
FNDA:4,MockIcon
DA:1,1
DA:2,1
DA:3,1
DA:5,1
DA:7,1
DA:8,1
DA:9,1
DA:10,1
DA:11,1
DA:12,1
DA:13,1
DA:14,1
DA:15,1
DA:17,1
DA:18,1
DA:19,1
DA:20,1
DA:21,1
DA:22,1
DA:23,1
DA:24,1
DA:25,1
DA:26,1
DA:27,1
DA:28,1
DA:30,1
DA:31,1
DA:32,1
DA:33,1
DA:34,1
DA:35,1
DA:36,1
DA:37,1
DA:38,1
DA:39,1
DA:40,1
DA:41,1
DA:42,1
DA:44,1
DA:45,1
DA:46,1
DA:47,1
DA:48,1
DA:49,1
DA:50,1
LF:45
LH:45
BRDA:5,0,0,4
BRDA:7,1,0,1
BRDA:8,2,0,1
BRDA:17,3,0,1
BRDA:30,4,0,1
BRDA:44,5,0,1
BRF:6
BRH:6
end_of_record
TN:
SF:src\components\common\StatCard.tsx
FN:21,StatCard
FNF:1
FNH:1
FNDA:36,StatCard
DA:1,1
DA:13,1
DA:14,1
DA:15,1
DA:16,1
DA:17,1
DA:18,1
DA:19,1
DA:21,1
DA:22,36
DA:23,36
DA:24,36
DA:25,36
DA:26,36
DA:27,36
DA:28,36
DA:29,36
DA:30,1
DA:32,35
DA:34,36
DA:35,36
DA:36,36
DA:38,36
LF:23
LH:23
BRDA:21,0,0,36
BRDA:29,1,0,1
BRDA:30,2,0,35
BRDA:34,3,0,1
BRF:4
BRH:4
end_of_record
TN:
SF:src\pages\CoverageDashboardPage.test.tsx
FN:32,get
FN:33,json
FN:54,get
FN:55,json
FN:66,get
FN:77,get
FN:78,json
FN:90,get
FN:91,json
FNF:9
FNH:9
FNDA:1,get
FNDA:1,json
FNDA:1,get
FNDA:1,json
FNDA:1,get
FNDA:2,get
FNDA:2,json
FNDA:1,get
FNDA:1,json
DA:1,1
DA:2,1
DA:3,1
DA:4,1
DA:6,1
DA:7,1
DA:8,1
DA:9,1
DA:10,1
DA:11,1
DA:12,1
DA:13,1
DA:14,1
DA:15,1
DA:16,1
DA:18,1
DA:19,1
DA:20,7
DA:21,1
DA:23,1
DA:24,1
DA:25,1
DA:26,1
DA:27,1
DA:29,1
DA:30,1
DA:31,1
DA:32,1
DA:33,1
DA:34,1
DA:35,1
DA:36,1
DA:37,2
DA:38,1
DA:39,1
DA:40,1
DA:41,1
DA:43,1
DA:44,1
DA:45,1
DA:46,1
DA:47,2
DA:48,1
DA:49,1
DA:51,1
DA:52,1
DA:53,1
DA:54,1
DA:55,1
DA:56,1
DA:57,1
DA:58,1
DA:59,2
DA:60,1
DA:61,1
DA:63,1
DA:64,1
DA:65,1
DA:66,1
DA:67,1
DA:68,1
DA:69,1
DA:70,2
DA:71,1
DA:72,1
DA:74,1
DA:75,1
DA:76,1
DA:77,1
DA:78,1
DA:79,1
DA:80,1
DA:81,1
DA:82,1
DA:83,1
DA:84,1
DA:85,1
DA:87,1
DA:88,1
DA:89,1
DA:90,1
DA:91,1
DA:92,1
DA:93,1
DA:94,1
DA:95,2
DA:96,1
DA:97,1
DA:98,1
LF:89
LH:89
BRDA:18,0,0,1
BRDA:19,1,0,7
BRDA:23,2,0,1
BRDA:24,3,0,1
BRDA:24,4,0,1
BRDA:29,5,0,1
BRDA:32,6,0,1
BRDA:33,7,0,1
BRDA:36,8,0,2
BRDA:43,9,0,1
BRDA:46,10,0,2
BRDA:51,11,0,1
BRDA:54,12,0,1
BRDA:55,13,0,1
BRDA:58,14,0,2
BRDA:63,15,0,1
BRDA:66,16,0,1
BRDA:69,17,0,2
BRDA:74,18,0,1
BRDA:77,19,0,2
BRDA:78,20,0,2
BRDA:81,21,0,2
BRDA:84,22,0,1
BRDA:87,23,0,1
BRDA:90,24,0,1
BRDA:91,25,0,1
BRDA:94,26,0,2
BRF:27
BRH:27
end_of_record
TN:
SF:src\pages\CoverageDashboardPage.tsx
FN:57,CoverageCard
FN:78,isValidReport
FN:86,loadCoverageReport
FN:99,CoverageDashboardPage
FN:108,fetchReport
FN:127,toggleLang
FN:131,toggleRTL
FN:139,refreshReport
FN:177,renderSection
FNF:9
FNH:7
FNDA:32,CoverageCard
FNDA:4,isValidReport
FNDA:8,loadCoverageReport
FNDA:15,CoverageDashboardPage
FNDA:8,fetchReport
FNDA:0,toggleLang
FNDA:0,toggleRTL
FNDA:1,refreshReport
FNDA:8,renderSection
DA:1,1
DA:9,1
DA:10,1
DA:11,1
DA:12,1
DA:13,1
DA:14,1
DA:15,1
DA:16,1
DA:17,1
DA:18,1
DA:19,1
DA:20,1
DA:21,1
DA:22,1
DA:23,1
DA:24,1
DA:25,1
DA:26,1
DA:27,1
DA:28,1
DA:29,1
DA:30,1
DA:31,1
DA:32,1
DA:33,1
DA:34,1
DA:35,1
DA:36,1
DA:37,1
DA:38,1
DA:39,1
DA:40,1
DA:41,1
DA:42,1
DA:43,1
DA:44,1
DA:57,32
DA:58,32
DA:59,32
DA:60,32
DA:61,32
DA:62,32
DA:67,32
DA:68,32
DA:69,32
DA:70,32
DA:71,32
DA:72,32
DA:73,32
DA:74,32
DA:76,32
DA:78,4
DA:79,4
DA:80,4
DA:81,4
DA:82,4
DA:84,4
DA:86,8
DA:87,8
DA:88,8
DA:89,8
DA:90,8
DA:91,5
DA:92,5
DA:93,8
DA:94,8
DA:95,1
DA:96,1
DA:97,8
DA:99,15
DA:100,15
DA:101,15
DA:102,15
DA:103,15
DA:104,15
DA:106,15
DA:108,15
DA:109,8
DA:110,8
DA:111,8
DA:112,8
DA:113,7
DA:114,8
DA:115,8
DA:116,0
DA:117,0
DA:118,8
DA:119,7
DA:120,7
DA:121,8
DA:123,15
DA:124,7
DA:125,15
DA:127,15
DA:128,0
DA:129,0
DA:131,15
DA:132,0
DA:133,0
DA:134,0
DA:135,0
DA:136,0
DA:137,0
DA:139,15
DA:140,1
DA:141,1
DA:143,15
DA:144,7
DA:145,7
DA:146,7
DA:147,7
DA:148,7
DA:150,7
DA:151,7
DA:153,7
DA:155,15
DA:156,4
DA:157,4
DA:158,4
DA:159,4
DA:160,4
DA:162,4
DA:163,4
DA:164,4
DA:165,0
DA:167,0
DA:169,4
DA:170,4
DA:171,4
DA:172,4
DA:173,4
DA:175,4
DA:177,4
DA:178,8
DA:179,8
DA:180,8
DA:181,8
DA:182,0
DA:184,8
DA:185,8
DA:186,8
DA:187,8
DA:188,8
DA:189,8
DA:190,8
DA:191,8
DA:192,8
DA:193,8
DA:194,8
DA:196,8
DA:197,8
DA:198,8
DA:199,8
DA:200,8
DA:201,8
DA:202,8
DA:203,8
DA:204,8
DA:205,8
DA:206,8
DA:207,8
DA:208,8
DA:209,8
DA:210,8
DA:211,8
DA:212,8
DA:213,8
DA:214,8
DA:215,8
DA:216,8
DA:217,8
DA:218,8
DA:219,8
DA:220,8
DA:221,8
DA:222,8
DA:223,8
DA:224,8
DA:225,8
DA:226,8
DA:227,8
DA:228,0
DA:229,8
DA:230,8
DA:231,8
DA:232,8
DA:233,8
DA:234,8
DA:235,8
DA:236,8
DA:237,8
DA:239,8
DA:240,8
DA:241,8
DA:242,8
DA:243,8
DA:244,8
DA:245,8
DA:246,8
DA:248,8
DA:249,8
DA:250,8
DA:251,8
DA:253,8
DA:255,4
DA:256,4
DA:257,4
DA:258,4
DA:259,15
DA:261,15
DA:262,15
DA:263,15
DA:264,15
DA:265,15
DA:266,15
DA:267,15
DA:268,15
DA:269,15
DA:270,15
DA:271,15
DA:272,15
DA:273,15
DA:274,15
DA:275,15
DA:276,15
DA:277,15
DA:279,15
DA:280,15
DA:281,15
DA:282,15
DA:283,15
DA:285,15
LF:233
LH:219
BRDA:57,0,0,32
BRDA:78,1,0,4
BRDA:82,2,0,1
BRDA:86,3,0,8
BRDA:87,4,0,7
BRDA:88,5,0,1
BRDA:88,6,0,6
BRDA:89,7,0,0
BRDA:90,8,0,1
BRDA:90,9,0,5
BRDA:92,10,0,4
BRDA:93,11,0,3
BRDA:93,12,0,1
BRDA:94,13,0,1
BRDA:99,14,0,15
BRDA:143,15,0,8
BRDA:143,16,0,7
BRDA:148,17,0,0
BRDA:153,18,0,8
BRDA:155,19,0,4
BRDA:155,20,0,0
BRDA:155,21,0,4
BRDA:160,22,0,0
BRDA:163,23,0,0
BRDA:164,24,0,0
BRDA:259,25,0,0
BRDA:259,26,0,4
BRDA:267,27,0,4
BRDA:267,28,0,0
BRDA:268,29,0,4
BRDA:268,30,0,0
BRDA:270,31,0,4
BRDA:270,32,0,0
BRDA:271,33,0,4
BRDA:271,34,0,0
BRDA:280,35,0,4
BRDA:280,36,0,0
BRDA:281,37,0,4
BRDA:281,38,0,0
BRDA:108,39,0,8
BRDA:112,40,0,7
BRDA:114,41,0,4
BRDA:115,42,0,0
BRDA:118,43,0,7
BRDA:123,44,0,7
BRDA:139,45,0,1
BRDA:177,46,0,8
BRDA:178,47,0,0
BRDA:181,48,0,0
BRDA:190,49,0,0
BRDA:200,50,0,0
BRDA:206,51,0,0
BRDA:212,52,0,0
BRDA:218,53,0,0
BRDA:226,54,0,8
BRDA:227,55,0,0
BRDA:230,56,0,0
BRDA:231,57,0,0
BRDA:233,58,0,0
BRDA:243,59,0,4
BRDA:243,60,0,4
BRDA:243,61,0,0
BRF:62
BRH:36
end_of_record
TN:
SF:src\services\authService.test.ts
FNF:0
FNH:0
DA:1,1
DA:12,1
DA:13,1
DA:14,4
DA:15,1
DA:17,1
DA:18,1
DA:19,1
DA:20,1
DA:21,1
DA:22,1
DA:23,1
DA:25,1
DA:26,1
DA:27,1
DA:28,1
DA:29,1
DA:31,1
DA:32,1
DA:33,1
DA:34,1
DA:35,1
DA:36,1
DA:37,1
DA:39,1
DA:40,1
DA:41,1
DA:42,1
DA:43,1
DA:44,1
DA:45,1
DA:46,1
DA:47,1
LF:33
LH:33
BRDA:12,0,0,1
BRDA:13,1,0,4
BRDA:17,2,0,1
BRDA:25,3,0,1
BRDA:31,4,0,1
BRDA:39,5,0,1
BRF:6
BRH:6
end_of_record
TN:
SF:src\services\authService.ts
FN:11,login
FN:16,logout
FN:20,getMe
FN:25,changePassword
FNF:4
FNH:4
FNDA:1,login
FNDA:1,logout
FNDA:1,getMe
FNDA:1,changePassword
DA:1,1
DA:11,1
DA:12,1
DA:13,1
DA:14,1
DA:16,1
DA:17,1
DA:18,1
DA:20,1
DA:21,1
DA:22,1
DA:23,1
DA:25,1
DA:26,1
DA:27,1
LF:15
LH:15
BRDA:11,0,0,1
BRDA:16,1,0,1
BRDA:20,2,0,1
BRDA:25,3,0,1
BRF:4
BRH:4
end_of_record
TN:
SF:src\services\schoolService.test.ts
FNF:0
FNH:0
DA:1,1
DA:7,1
DA:8,1
DA:10,1
DA:11,1
DA:12,1
DA:13,1
DA:14,1
DA:15,1
DA:17,1
DA:18,1
DA:19,1
DA:20,1
DA:21,1
DA:22,1
DA:24,1
DA:25,1
DA:26,1
DA:27,1
DA:28,1
DA:30,1
DA:31,1
DA:32,1
DA:33,1
DA:34,1
DA:35,1
LF:26
LH:26
BRDA:7,0,0,1
BRDA:8,1,0,4
BRDA:10,2,0,1
BRDA:17,3,0,1
BRDA:24,4,0,1
BRDA:30,5,0,1
BRF:6
BRH:6
end_of_record
TN:
SF:src\services\schoolService.ts
FN:5,getDistricts
FN:10,getBlocks
FN:15,getSchoolsForBlock
FN:20,listAllSchools
FN:25,createSchool
FN:30,updateSchool
FN:35,deleteSchool
FN:39,ingestSchoolsExcel
FNF:8
FNH:4
FNDA:1,getDistricts
FNDA:1,getBlocks
FNDA:0,getSchoolsForBlock
FNDA:1,listAllSchools
FNDA:0,createSchool
FNDA:0,updateSchool
FNDA:1,deleteSchool
FNDA:0,ingestSchoolsExcel
DA:1,1
DA:5,1
DA:6,1
DA:7,1
DA:8,1
DA:10,1
DA:11,1
DA:12,1
DA:13,1
DA:15,0
DA:16,0
DA:17,0
DA:18,0
DA:20,1
DA:21,1
DA:22,1
DA:23,1
DA:25,0
DA:26,0
DA:27,0
DA:28,0
DA:30,0
DA:31,0
DA:32,0
DA:33,0
DA:35,1
DA:36,1
DA:37,1
DA:39,0
DA:40,0
DA:41,0
DA:42,0
DA:43,0
DA:44,0
DA:45,0
DA:46,0
LF:36
LH:16
BRDA:5,0,0,1
BRDA:10,1,0,1
BRDA:20,2,0,1
BRDA:35,3,0,1
BRF:4
BRH:4
end_of_record
TN:
SF:src\services\uploadService.test.ts
FNF:0
FNH:0
DA:1,1
DA:7,1
DA:8,1
DA:10,1
DA:11,1
DA:12,1
DA:13,1
DA:14,1
DA:15,1
DA:17,1
DA:18,1
DA:19,1
DA:20,1
DA:21,1
DA:23,1
DA:24,1
DA:25,1
DA:26,1
DA:27,1
DA:28,1
DA:30,1
DA:31,1
DA:32,1
DA:33,1
DA:34,1
DA:35,1
LF:26
LH:26
BRDA:7,0,0,1
BRDA:8,1,0,4
BRDA:10,2,0,1
BRDA:17,3,0,1
BRDA:23,4,0,1
BRDA:30,5,0,1
BRF:6
BRH:6
end_of_record
TN:
SF:src\services\uploadService.ts
FN:5,getStats
FN:10,listUploads
FN:15,getUpload
FN:20,createUpload
FN:30,bulkUpload
FN:40,downloadTemplate
FN:50,getPresignedUrl
FN:55,deleteUpload
FN:59,updateUpload
FNF:9
FNH:4
FNDA:1,getStats
FNDA:1,listUploads
FNDA:0,getUpload
FNDA:0,createUpload
FNDA:0,bulkUpload
FNDA:0,downloadTemplate
FNDA:1,getPresignedUrl
FNDA:1,deleteUpload
FNDA:0,updateUpload
DA:1,1
DA:5,1
DA:6,1
DA:7,1
DA:8,1
DA:10,1
DA:11,1
DA:12,1
DA:13,1
DA:15,0
DA:16,0
DA:17,0
DA:18,0
DA:20,0
DA:21,0
DA:22,0
DA:23,0
DA:24,0
DA:25,0
DA:26,0
DA:27,0
DA:28,0
DA:30,0
DA:31,0
DA:32,0
DA:33,0
DA:34,0
DA:35,0
DA:36,0
DA:37,0
DA:38,0
DA:40,0
DA:41,0
DA:42,0
DA:43,0
DA:44,0
DA:45,0
DA:46,0
DA:47,0
DA:48,0
DA:50,1
DA:51,1
DA:52,1
DA:53,1
DA:55,1
DA:56,1
DA:57,1
DA:59,0
DA:66,0
DA:67,0
DA:68,0
DA:69,0
LF:52
LH:16
BRDA:5,0,0,1
BRDA:10,1,0,1
BRDA:50,2,0,1
BRDA:55,3,0,1
BRF:4
BRH:4
end_of_record
TN:
SF:src\store\authStore.test.ts
FNF:0
FNH:0
DA:1,1
DA:2,1
DA:4,1
DA:5,1
DA:6,6
DA:7,1
DA:9,1
DA:10,1
DA:11,1
DA:13,1
DA:14,1
DA:15,1
DA:16,1
DA:17,1
DA:19,1
DA:20,1
DA:21,1
DA:22,1
DA:24,1
DA:25,1
DA:26,1
DA:27,1
DA:29,1
DA:30,1
DA:31,1
DA:32,1
DA:34,1
DA:35,1
DA:36,1
DA:37,1
DA:38,1
LF:31
LH:31
BRDA:4,0,0,1
BRDA:5,1,0,6
BRDA:9,2,0,1
BRDA:13,3,0,1
BRDA:19,4,0,1
BRDA:24,5,0,1
BRDA:29,6,0,1
BRDA:34,7,0,1
BRF:8
BRH:8
end_of_record
TN:
SF:src\store\authStore.ts
FN:20,__vite_ssr_import_0__.create.__vite_ssr_import_1__.persist.name
FN:22,setUser
FN:23,isAuthenticated
FN:24,isAdmin
FNF:4
FNH:4
FNDA:1,__vite_ssr_import_0__.create.__vite_ssr_import_1__.persist.name
FNDA:1,setUser
FNDA:2,isAuthenticated
FNDA:2,isAdmin
DA:1,1
DA:18,1
DA:19,1
DA:20,1
DA:21,1
DA:22,1
DA:23,1
DA:24,1
DA:25,1
DA:26,1
DA:27,1
DA:28,1
DA:29,1
DA:30,1
DA:31,1
LF:15
LH:15
BRDA:20,0,0,1
BRDA:22,1,0,1
BRDA:23,2,0,2
BRDA:24,3,0,2
BRDA:28,4,0,1
BRF:5
BRH:5
end_of_record
TN:
SF:src\utils\constants.test.ts
FNF:0
FNH:0
DA:1,1
DA:12,1
DA:14,1
DA:15,1
DA:16,1
DA:17,1
DA:18,1
DA:20,1
DA:21,1
DA:22,1
DA:23,1
DA:25,1
DA:26,1
DA:27,1
DA:28,1
DA:30,1
DA:31,1
DA:32,1
DA:34,1
DA:35,1
DA:36,1
DA:38,1
DA:39,1
DA:40,1
DA:42,1
DA:43,1
DA:44,1
DA:46,1
DA:47,1
DA:48,1
DA:49,1
DA:50,1
DA:52,1
DA:53,1
DA:54,1
DA:55,1
DA:56,1
LF:37
LH:37
BRDA:14,0,0,1
BRDA:15,1,0,1
BRDA:20,2,0,1
BRDA:25,3,0,1
BRDA:30,4,0,1
BRDA:31,5,0,4
BRDA:34,6,0,1
BRDA:35,7,0,3
BRDA:38,8,0,1
BRDA:39,9,0,3
BRDA:42,10,0,1
BRDA:46,11,0,1
BRDA:52,12,0,1
BRF:13
BRH:13
end_of_record
TN:
SF:src\utils\constants.ts
FNF:0
FNH:0
DA:1,1
DA:2,1
DA:3,1
DA:4,1
DA:5,1
DA:6,1
DA:7,1
DA:8,1
DA:9,1
DA:10,1
DA:11,1
DA:12,1
DA:14,1
DA:15,1
DA:16,1
DA:17,1
DA:18,1
DA:19,1
DA:20,1
DA:21,1
DA:23,1
DA:24,1
DA:25,1
DA:26,1
DA:27,1
DA:28,1
DA:29,1
DA:31,1
DA:32,1
DA:33,1
DA:34,1
DA:35,1
DA:36,1
DA:38,1
DA:39,1
DA:40,1
DA:41,1
DA:42,1
DA:44,1
DA:45,1
DA:46,1
DA:47,1
DA:48,1
DA:50,1
DA:52,1
DA:53,1
DA:54,1
DA:55,1
DA:56,1
DA:57,1
DA:59,1
DA:60,1
DA:61,1
DA:62,1
LF:54
LH:54
BRF:0
BRH:0
end_of_record
TN:
SF:src\utils\formatters.test.ts
FNF:0
FNH:0
DA:1,1
DA:10,1
DA:12,1
DA:13,1
DA:14,1
DA:15,1
DA:16,1
DA:17,1
DA:18,1
DA:19,1
DA:20,1
DA:22,1
DA:23,1
DA:24,1
DA:25,1
DA:26,1
DA:27,1
DA:29,1
DA:30,1
DA:31,1
DA:32,1
DA:33,1
DA:34,1
DA:36,1
DA:37,1
DA:38,1
DA:39,1
DA:40,1
DA:41,1
DA:42,1
DA:43,1
DA:44,1
DA:45,1
DA:46,1
DA:48,1
DA:49,1
DA:50,1
DA:51,1
DA:52,1
DA:53,1
DA:54,1
DA:55,1
DA:56,1
DA:57,1
DA:58,1
DA:59,1
DA:60,1
DA:61,1
DA:62,1
DA:63,1
DA:64,1
DA:65,1
DA:66,1
DA:67,1
DA:69,1
DA:70,1
DA:71,1
DA:72,1
DA:73,1
DA:74,1
DA:75,1
DA:76,1
DA:77,1
DA:78,1
DA:79,1
DA:80,1
DA:81,1
DA:82,1
DA:83,1
DA:84,1
DA:85,1
DA:86,1
DA:87,1
DA:88,1
DA:90,1
DA:91,1
DA:92,1
DA:93,1
DA:94,1
DA:96,1
DA:97,1
DA:98,1
DA:99,1
DA:100,1
DA:101,1
DA:102,1
DA:103,1
DA:104,1
DA:105,1
DA:106,1
DA:107,1
DA:108,1
DA:109,1
DA:110,1
DA:112,1
DA:113,1
DA:114,1
DA:116,1
DA:117,1
DA:118,1
DA:119,1
DA:120,1
DA:121,1
DA:122,1
DA:123,1
LF:105
LH:105
BRDA:12,0,0,1
BRDA:13,1,0,1
BRDA:14,2,0,1
BRDA:17,3,0,1
BRDA:22,4,0,1
BRDA:23,5,0,1
BRDA:29,6,0,1
BRDA:30,7,0,1
BRDA:36,8,0,1
BRDA:37,9,0,1
BRDA:40,10,0,1
BRDA:43,11,0,1
BRDA:48,12,0,1
BRDA:49,13,0,1
BRDA:52,14,0,1
BRDA:55,15,0,1
BRDA:58,16,0,1
BRDA:61,17,0,1
BRDA:64,18,0,1
BRDA:69,19,0,1
BRDA:70,20,0,1
BRDA:76,21,0,1
BRDA:82,22,0,1
BRDA:90,23,0,1
BRDA:96,24,0,1
BRDA:97,25,0,1
BRDA:101,26,0,1
BRDA:112,27,0,1
BRDA:116,28,0,1
BRF:29
BRH:29
end_of_record
TN:
SF:src\utils\formatters.ts
FN:3,fmtDate
FN:6,fmtDateTime
FN:9,fmtRelative
FN:12,fmtEnum
FN:15,fmtBytes
FN:23,buildCsvRows
FN:38,downloadCsv
FNF:7
FNH:7
FNDA:2,fmtDate
FNDA:1,fmtDateTime
FNDA:1,fmtRelative
FNDA:3,fmtEnum
FNDA:6,fmtBytes
FNDA:3,buildCsvRows
FNDA:1,downloadCsv
DA:1,1
DA:3,1
DA:4,2
DA:6,1
DA:7,1
DA:9,1
DA:10,1
DA:12,1
DA:13,3
DA:15,1
DA:16,6
DA:17,5
DA:18,5
DA:19,5
DA:20,5
DA:21,5
DA:23,1
DA:24,3
DA:25,3
DA:26,3
DA:27,3
DA:28,3
DA:29,4
DA:30,8
DA:31,8
DA:32,8
DA:33,4
DA:34,3
DA:35,3
DA:36,3
DA:38,1
DA:39,1
DA:40,1
DA:41,1
DA:42,1
DA:43,1
DA:44,1
DA:45,1
DA:46,1
LF:39
LH:39
BRDA:3,0,0,2
BRDA:6,1,0,1
BRDA:9,2,0,1
BRDA:12,3,0,3
BRDA:13,4,0,5
BRDA:15,5,0,6
BRDA:16,6,0,1
BRDA:16,7,0,5
BRDA:23,8,0,3
BRDA:27,9,0,6
BRDA:28,10,0,4
BRDA:29,11,0,8
BRDA:31,12,0,2
BRDA:31,13,0,6
BRDA:32,14,0,1
BRDA:32,15,0,7
BRDA:38,16,0,1
BRF:17
BRH:17
end_of_record
