{"total": {"lines":{"total":68,"covered":68,"skipped":0,"pct":100},"statements":{"total":69,"covered":69,"skipped":0,"pct":100},"functions":{"total":14,"covered":14,"skipped":0,"pct":100},"branches":{"total":37,"covered":23,"skipped":0,"pct":62.16},"branchesTrue":{"total":0,"covered":0,"skipped":0,"pct":100}}
,"C:\\Users\\rgiri\\Downloads\\UP_File_Upload\\edu-resource-portal\\server\\src\\middleware\\auth.middleware.ts": {"lines":{"total":19,"covered":19,"skipped":0,"pct":100},"functions":{"total":3,"covered":3,"skipped":0,"pct":100},"statements":{"total":19,"covered":19,"skipped":0,"pct":100},"branches":{"total":3,"covered":3,"skipped":0,"pct":100}}
,"C:\\Users\\rgiri\\Downloads\\UP_File_Upload\\edu-resource-portal\\server\\src\\middleware\\error.middleware.ts": {"lines":{"total":8,"covered":8,"skipped":0,"pct":100},"functions":{"total":2,"covered":2,"skipped":0,"pct":100},"statements":{"total":8,"covered":8,"skipped":0,"pct":100},"branches":{"total":4,"covered":4,"skipped":0,"pct":100}}
,"C:\\Users\\rgiri\\Downloads\\UP_File_Upload\\edu-resource-portal\\server\\src\\middleware\\validate.middleware.ts": {"lines":{"total":8,"covered":8,"skipped":0,"pct":100},"functions":{"total":2,"covered":2,"skipped":0,"pct":100},"statements":{"total":8,"covered":8,"skipped":0,"pct":100},"branches":{"total":2,"covered":1,"skipped":0,"pct":50}}
,"C:\\Users\\rgiri\\Downloads\\UP_File_Upload\\edu-resource-portal\\server\\src\\utils\\excelParser.ts": {"lines":{"total":29,"covered":29,"skipped":0,"pct":100},"functions":{"total":5,"covered":5,"skipped":0,"pct":100},"statements":{"total":30,"covered":30,"skipped":0,"pct":100},"branches":{"total":28,"covered":15,"skipped":0,"pct":53.57}}
,"C:\\Users\\rgiri\\Downloads\\UP_File_Upload\\edu-resource-portal\\server\\src\\utils\\s3PathBuilder.ts": {"lines":{"total":4,"covered":4,"skipped":0,"pct":100},"functions":{"total":2,"covered":2,"skipped":0,"pct":100},"statements":{"total":4,"covered":4,"skipped":0,"pct":100},"branches":{"total":0,"covered":0,"skipped":0,"pct":100}}
}
