TN:
SF:src\middleware\auth.middleware.ts
FN:13,authenticate
FN:27,requireRole
FN:28,(anonymous_2)
FNF:3
FNH:3
FNDA:3,authenticate
FNDA:3,requireRole
FNDA:3,(anonymous_2)
DA:2,1
DA:13,1
DA:14,3
DA:15,3
DA:16,1
DA:17,1
DA:19,2
DA:20,2
DA:21,1
DA:23,1
DA:27,1
DA:28,3
DA:29,3
DA:30,1
DA:31,1
DA:33,2
DA:34,1
DA:35,1
DA:37,1
LF:19
LH:19
BRDA:15,0,0,1
BRDA:29,1,0,1
BRDA:33,2,0,1
BRF:3
BRH:3
end_of_record
TN:
SF:src\middleware\error.middleware.ts
FN:4,errorHandler
FN:18,notFound
FNF:2
FNH:2
FNDA:3,errorHandler
FNDA:1,notFound
DA:2,1
DA:4,1
DA:10,3
DA:12,3
DA:13,3
DA:15,3
DA:18,1
DA:19,1
LF:8
LH:8
BRDA:12,0,0,3
BRDA:12,0,1,1
BRDA:13,1,0,1
BRDA:13,1,1,2
BRF:4
BRH:4
end_of_record
TN:
SF:src\middleware\validate.middleware.ts
FN:4,validate
FN:5,(anonymous_1)
FNF:2
FNH:2
FNDA:4,validate
FNDA:4,(anonymous_1)
DA:4,1
DA:5,4
DA:6,4
DA:7,4
DA:8,1
DA:12,1
DA:14,3
DA:15,3
LF:8
LH:8
BRDA:4,0,0,0
BRDA:7,1,0,1
BRF:2
BRH:1
end_of_record
TN:
SF:src\utils\excelParser.ts
FN:36,generateBulkTemplate
FN:43,(anonymous_10)
FN:80,parseExcelBuffer
FN:89,(anonymous_12)
FN:112,(anonymous_13)
FNF:5
FNH:5
FNDA:6,generateBulkTemplate
FNDA:78,(anonymous_10)
FNDA:5,parseExcelBuffer
FNDA:4,(anonymous_12)
FNDA:2,(anonymous_13)
DA:1,1
DA:2,1
DA:4,1
DA:20,1
DA:36,1
DA:37,6
DA:40,6
DA:43,78
DA:46,6
DA:61,6
DA:62,6
DA:64,6
DA:65,6
DA:67,6
DA:80,1
DA:81,5
DA:82,5
DA:83,5
DA:84,5
DA:86,5
DA:87,5
DA:89,5
DA:90,4
DA:91,4
DA:107,4
DA:108,2
DA:110,2
DA:112,2
DA:117,5
LF:29
LH:29
BRDA:92,0,0,4
BRDA:92,0,1,0
BRDA:93,1,0,4
BRDA:93,1,1,0
BRDA:94,2,0,4
BRDA:94,2,1,0
BRDA:95,3,0,4
BRDA:95,3,1,0
BRDA:96,4,0,4
BRDA:96,4,1,0
BRDA:97,5,0,4
BRDA:97,5,1,0
BRDA:98,6,0,4
BRDA:98,6,1,0
BRDA:99,7,0,4
BRDA:99,7,1,0
BRDA:100,8,0,4
BRDA:100,8,1,0
BRDA:101,9,0,4
BRDA:101,9,1,0
BRDA:102,10,0,4
BRDA:102,10,1,0
BRDA:103,11,0,4
BRDA:103,11,1,0
BRDA:104,12,0,4
BRDA:104,12,1,0
BRDA:107,13,0,2
BRDA:107,13,1,2
BRF:28
BRH:15
end_of_record
TN:
SF:src\utils\s3PathBuilder.ts
FN:1,buildS3Key
FN:16,(anonymous_1)
FNF:2
FNH:2
FNDA:8,buildS3Key
FNDA:104,(anonymous_1)
DA:1,1
DA:16,8
DA:17,104
DA:19,8
LF:4
LH:4
BRF:0
BRH:0
end_of_record
